Path to TF_STA/7D.M01A doesn't exist - creating it
 
 
|===============================================|
|===============================================|
|                       M01A                    |
|===============================================|
|===============================================|
|  Station: 7D.M01A                             |
|      Channel: BH; Locations: --               |
|      Lon: -126.72; Lat:  49.15                |
|      Start time: 2011-10-18 00:00:00          |
|      End time:   2012-07-16 23:59:59          |
|-----------------------------------------------|

************************************************************
* Calculating transfer functions for key 7D.M01A and day 2012.069

************************************************************
* Calculating transfer functions for key 7D.M01A and day 2012.065

************************************************************
* Calculating transfer functions for key 7D.M01A and day 2012.066

************************************************************
* Calculating transfer functions for key 7D.M01A and day 2012.063

************************************************************
* Calculating transfer functions for key 7D.M01A and day 2012.064

************************************************************
* Calculating transfer functions for key 7D.M01A and day 2012.061

************************************************************
* Calculating transfer functions for key 7D.M01A and day 2012.068

************************************************************
* Calculating transfer functions for key 7D.M01A and day 2012.062

************************************************************
* Calculating transfer functions for key 7D.M01A and day 2012.067

************************************************************
* Calculating transfer functions for key 7D.M01A and range 2012.061-2012.070.
Path to TF_STA/7D.M02A doesn't exist - creating it
 
 
|===============================================|
|===============================================|
|                       M02A                    |
|===============================================|
|===============================================|
|  Station: 7D.M02A                             |
|      Channel: BH; Locations: --               |
|      Lon: -125.60; Lat:  48.31                |
|      Start time: 2011-10-18 00:00:00          |
|      End time:   2012-07-16 23:59:59          |
|-----------------------------------------------|

************************************************************
* Calculating transfer functions for key 7D.M02A and day 2012.069

************************************************************
* Calculating transfer functions for key 7D.M02A and day 2012.065

************************************************************
* Calculating transfer functions for key 7D.M02A and day 2012.066

************************************************************
* Calculating transfer functions for key 7D.M02A and day 2012.063

************************************************************
* Calculating transfer functions for key 7D.M02A and day 2012.064

************************************************************
* Calculating transfer functions for key 7D.M02A and day 2012.061

************************************************************
* Calculating transfer functions for key 7D.M02A and day 2012.068

************************************************************
* Calculating transfer functions for key 7D.M02A and day 2012.062

************************************************************
* Calculating transfer functions for key 7D.M02A and day 2012.067

************************************************************
* Calculating transfer functions for key 7D.M02A and range 2012.061-2012.070.
Path to TF_STA/7D.M07A doesn't exist - creating it
 
 
|===============================================|
|===============================================|
|                       M07A                    |
|===============================================|
|===============================================|
|  Station: 7D.M07A                             |
|      Channel: BH; Locations: --               |
|      Lon: -125.12; Lat:  44.90                |
|      Start time: 2011-10-15 00:00:00          |
|      End time:   2012-07-15 23:59:59          |
|-----------------------------------------------|

************************************************************
* Calculating transfer functions for key 7D.M07A and day 2012.069

************************************************************
* Calculating transfer functions for key 7D.M07A and day 2012.065

************************************************************
* Calculating transfer functions for key 7D.M07A and day 2012.066

************************************************************
* Calculating transfer functions for key 7D.M07A and day 2012.063

************************************************************
* Calculating transfer functions for key 7D.M07A and day 2012.064

************************************************************
* Calculating transfer functions for key 7D.M07A and day 2012.061

************************************************************
* Calculating transfer functions for key 7D.M07A and day 2012.068

************************************************************
* Calculating transfer functions for key 7D.M07A and day 2012.062

************************************************************
* Calculating transfer functions for key 7D.M07A and day 2012.067

************************************************************
* Calculating transfer functions for key 7D.M07A and range 2012.061-2012.070.
Path to TF_STA/7D.M08A doesn't exist - creating it
 
 
|===============================================|
|===============================================|
|                       M08A                    |
|===============================================|
|===============================================|
|  Station: 7D.M08A                             |
|      Channel: BH; Locations: --               |
|      Lon: -124.90; Lat:  44.12                |
|      Start time: 2011-10-20 00:00:00          |
|      End time:   2012-07-18 23:59:59          |
|-----------------------------------------------|

************************************************************
* Calculating transfer functions for key 7D.M08A and day 2012.069

************************************************************
* Calculating transfer functions for key 7D.M08A and day 2012.065

************************************************************
* Calculating transfer functions for key 7D.M08A and day 2012.066

************************************************************
* Calculating transfer functions for key 7D.M08A and day 2012.063

************************************************************
* Calculating transfer functions for key 7D.M08A and day 2012.064

************************************************************
* Calculating transfer functions for key 7D.M08A and day 2012.061

************************************************************
* Calculating transfer functions for key 7D.M08A and day 2012.068

************************************************************
* Calculating transfer functions for key 7D.M08A and day 2012.062

************************************************************
* Calculating transfer functions for key 7D.M08A and day 2012.067

************************************************************
* Calculating transfer functions for key 7D.M08A and range 2012.061-2012.070.
