 
 
|===============================================|
|===============================================|
|                       M01A                    |
|===============================================|
|===============================================|
|  Station: 7D.M01A                             |
|      Channel: BH; Locations: --               |
|      Lon: -126.72; Lat:  49.15                |
|      Start time: 2011-10-18 00:00:00          |
|      End time:   2012-07-16 23:59:59          |
|-----------------------------------------------|
2012.062.
2012.066.
2012.061.
2012.065.
2012.068.
2012.069.
TF_STA/7D.M01A/2012.069.transfunc.pkl file found - applying transfer functions
Warning: saving EventStream object before having done the corrections
2012.064.
2012.061-2012.070.
TF_STA/7D.M01A/2012.061-2012.070.transfunc.pkl file found - applying transfer functions
Warning: saving EventStream object before having done the corrections
2012.067.
2012.063.
2012.062.
2012.066.
2012.061.
2012.065.
2012.068.
2012.069.
2012.064.
2012.061-2012.070.
TF_STA/7D.M01A/2012.061-2012.070.transfunc.pkl file found - applying transfer functions
Warning: saving EventStream object before having done the corrections
2012.067.
2012.063.
TF_STA/7D.M01A/2012.063.transfunc.pkl file found - applying transfer functions
Warning: saving EventStream object before having done the corrections
 
 
|===============================================|
|===============================================|
|                       M02A                    |
|===============================================|
|===============================================|
|  Station: 7D.M02A                             |
|      Channel: BH; Locations: --               |
|      Lon: -125.60; Lat:  48.31                |
|      Start time: 2011-10-18 00:00:00          |
|      End time:   2012-07-16 23:59:59          |
|-----------------------------------------------|
2012.062.
2012.066.
2012.061.
2012.065.
2012.068.
2012.069.
TF_STA/7D.M02A/2012.069.transfunc.pkl file found - applying transfer functions
Warning: saving EventStream object before having done the corrections
2012.064.
2012.061-2012.070.
TF_STA/7D.M02A/2012.061-2012.070.transfunc.pkl file found - applying transfer functions
Warning: saving EventStream object before having done the corrections
2012.067.
2012.063.
2012.062.
2012.066.
2012.061.
2012.065.
2012.068.
2012.069.
2012.064.
2012.061-2012.070.
TF_STA/7D.M02A/2012.061-2012.070.transfunc.pkl file found - applying transfer functions
Warning: saving EventStream object before having done the corrections
2012.067.
2012.063.
TF_STA/7D.M02A/2012.063.transfunc.pkl file found - applying transfer functions
Warning: saving EventStream object before having done the corrections
 
 
|===============================================|
|===============================================|
|                       M07A                    |
|===============================================|
|===============================================|
|  Station: 7D.M07A                             |
|      Channel: BH; Locations: --               |
|      Lon: -125.12; Lat:  44.90                |
|      Start time: 2011-10-15 00:00:00          |
|      End time:   2012-07-15 23:59:59          |
|-----------------------------------------------|
2012.062.
2012.066.
2012.061.
2012.065.
2012.068.
2012.069.
TF_STA/7D.M07A/2012.069.transfunc.pkl file found - applying transfer functions
Warning: saving EventStream object before having done the corrections
2012.064.
2012.061-2012.070.
TF_STA/7D.M07A/2012.061-2012.070.transfunc.pkl file found - applying transfer functions
Warning: saving EventStream object before having done the corrections
2012.067.
2012.063.
2012.062.
2012.066.
2012.061.
2012.065.
2012.068.
2012.069.
2012.064.
2012.061-2012.070.
TF_STA/7D.M07A/2012.061-2012.070.transfunc.pkl file found - applying transfer functions
Warning: saving EventStream object before having done the corrections
2012.067.
2012.063.
TF_STA/7D.M07A/2012.063.transfunc.pkl file found - applying transfer functions
Warning: saving EventStream object before having done the corrections
 
 
|===============================================|
|===============================================|
|                       M08A                    |
|===============================================|
|===============================================|
|  Station: 7D.M08A                             |
|      Channel: BH; Locations: --               |
|      Lon: -124.90; Lat:  44.12                |
|      Start time: 2011-10-20 00:00:00          |
|      End time:   2012-07-18 23:59:59          |
|-----------------------------------------------|
2012.062.
2012.066.
2012.061.
2012.065.
2012.068.
2012.069.
TF_STA/7D.M08A/2012.069.transfunc.pkl file found - applying transfer functions
Warning: saving EventStream object before having done the corrections
2012.064.
2012.061-2012.070.
TF_STA/7D.M08A/2012.061-2012.070.transfunc.pkl file found - applying transfer functions
Warning: saving EventStream object before having done the corrections
2012.067.
2012.063.
2012.062.
2012.066.
2012.061.
2012.065.
2012.068.
2012.069.
2012.064.
2012.061-2012.070.
TF_STA/7D.M08A/2012.061-2012.070.transfunc.pkl file found - applying transfer functions
Warning: saving EventStream object before having done the corrections
2012.067.
2012.063.
TF_STA/7D.M08A/2012.063.transfunc.pkl file found - applying transfer functions
Warning: saving EventStream object before having done the corrections
