Path to AVG_STA/7D.M01A doesn`t exist - creating it

|===============================================|
|===============================================|
|                       M01A                    |
|===============================================|
|===============================================|
|  Station: 7D.M01A                             |
|      Channel: BH; Locations: --               |
|      Lon: -126.72; Lat:  49.15                |
|      Start time: 2011-10-18 00:00:00          |
|      End time:   2012-07-16 23:59:59          |
|-----------------------------------------------|

************************************************************
* Calculating noise spectra for key 7D.M01A and day 2012.061
*   -> file SPECTRA/7D.M01A/2012.061.spectra.pkl found - loading

************************************************************
* Calculating noise spectra for key 7D.M01A and day 2012.062
*   -> file SPECTRA/7D.M01A/2012.062.spectra.pkl found - loading

************************************************************
* Calculating noise spectra for key 7D.M01A and day 2012.063
*   -> file SPECTRA/7D.M01A/2012.063.spectra.pkl found - loading

************************************************************
* Calculating noise spectra for key 7D.M01A and day 2012.064
*   -> file SPECTRA/7D.M01A/2012.064.spectra.pkl found - loading

************************************************************
* Calculating noise spectra for key 7D.M01A and day 2012.065
*   -> file SPECTRA/7D.M01A/2012.065.spectra.pkl found - loading

************************************************************
* Calculating noise spectra for key 7D.M01A and day 2012.066
*   -> file SPECTRA/7D.M01A/2012.066.spectra.pkl found - loading

************************************************************
* Calculating noise spectra for key 7D.M01A and day 2012.067
*   -> file SPECTRA/7D.M01A/2012.067.spectra.pkl found - loading

************************************************************
* Calculating noise spectra for key 7D.M01A and day 2012.068
*   -> file SPECTRA/7D.M01A/2012.068.spectra.pkl found - loading

************************************************************
* Calculating noise spectra for key 7D.M01A and day 2012.069
*   -> file SPECTRA/7D.M01A/2012.069.spectra.pkl found - loading
Path to AVG_STA/7D.M02A doesn`t exist - creating it

|===============================================|
|===============================================|
|                       M02A                    |
|===============================================|
|===============================================|
|  Station: 7D.M02A                             |
|      Channel: BH; Locations: --               |
|      Lon: -125.60; Lat:  48.31                |
|      Start time: 2011-10-18 00:00:00          |
|      End time:   2012-07-16 23:59:59          |
|-----------------------------------------------|

************************************************************
* Calculating noise spectra for key 7D.M02A and day 2012.061
*   -> file SPECTRA/7D.M02A/2012.061.spectra.pkl found - loading

************************************************************
* Calculating noise spectra for key 7D.M02A and day 2012.062
*   -> file SPECTRA/7D.M02A/2012.062.spectra.pkl found - loading

************************************************************
* Calculating noise spectra for key 7D.M02A and day 2012.063
*   -> file SPECTRA/7D.M02A/2012.063.spectra.pkl found - loading

************************************************************
* Calculating noise spectra for key 7D.M02A and day 2012.064
*   -> file SPECTRA/7D.M02A/2012.064.spectra.pkl found - loading

************************************************************
* Calculating noise spectra for key 7D.M02A and day 2012.065
*   -> file SPECTRA/7D.M02A/2012.065.spectra.pkl found - loading

************************************************************
* Calculating noise spectra for key 7D.M02A and day 2012.066
*   -> file SPECTRA/7D.M02A/2012.066.spectra.pkl found - loading

************************************************************
* Calculating noise spectra for key 7D.M02A and day 2012.067
*   -> file SPECTRA/7D.M02A/2012.067.spectra.pkl found - loading

************************************************************
* Calculating noise spectra for key 7D.M02A and day 2012.068
*   -> file SPECTRA/7D.M02A/2012.068.spectra.pkl found - loading

************************************************************
* Calculating noise spectra for key 7D.M02A and day 2012.069
*   -> file SPECTRA/7D.M02A/2012.069.spectra.pkl found - loading
Path to AVG_STA/7D.M07A doesn`t exist - creating it

|===============================================|
|===============================================|
|                       M07A                    |
|===============================================|
|===============================================|
|  Station: 7D.M07A                             |
|      Channel: BH; Locations: --               |
|      Lon: -125.12; Lat:  44.90                |
|      Start time: 2011-10-15 00:00:00          |
|      End time:   2012-07-15 23:59:59          |
|-----------------------------------------------|

************************************************************
* Calculating noise spectra for key 7D.M07A and day 2012.061
*   -> file SPECTRA/7D.M07A/2012.061.spectra.pkl found - loading

************************************************************
* Calculating noise spectra for key 7D.M07A and day 2012.062
*   -> file SPECTRA/7D.M07A/2012.062.spectra.pkl found - loading

************************************************************
* Calculating noise spectra for key 7D.M07A and day 2012.063
*   -> file SPECTRA/7D.M07A/2012.063.spectra.pkl found - loading

************************************************************
* Calculating noise spectra for key 7D.M07A and day 2012.064
*   -> file SPECTRA/7D.M07A/2012.064.spectra.pkl found - loading

************************************************************
* Calculating noise spectra for key 7D.M07A and day 2012.065
*   -> file SPECTRA/7D.M07A/2012.065.spectra.pkl found - loading

************************************************************
* Calculating noise spectra for key 7D.M07A and day 2012.066
*   -> file SPECTRA/7D.M07A/2012.066.spectra.pkl found - loading

************************************************************
* Calculating noise spectra for key 7D.M07A and day 2012.067
*   -> file SPECTRA/7D.M07A/2012.067.spectra.pkl found - loading

************************************************************
* Calculating noise spectra for key 7D.M07A and day 2012.068
*   -> file SPECTRA/7D.M07A/2012.068.spectra.pkl found - loading

************************************************************
* Calculating noise spectra for key 7D.M07A and day 2012.069
*   -> file SPECTRA/7D.M07A/2012.069.spectra.pkl found - loading
Path to AVG_STA/7D.M08A doesn`t exist - creating it

|===============================================|
|===============================================|
|                       M08A                    |
|===============================================|
|===============================================|
|  Station: 7D.M08A                             |
|      Channel: BH; Locations: --               |
|      Lon: -124.90; Lat:  44.12                |
|      Start time: 2011-10-20 00:00:00          |
|      End time:   2012-07-18 23:59:59          |
|-----------------------------------------------|

************************************************************
* Calculating noise spectra for key 7D.M08A and day 2012.061
*   -> file SPECTRA/7D.M08A/2012.061.spectra.pkl found - loading

************************************************************
* Calculating noise spectra for key 7D.M08A and day 2012.062
*   -> file SPECTRA/7D.M08A/2012.062.spectra.pkl found - loading

************************************************************
* Calculating noise spectra for key 7D.M08A and day 2012.063
*   -> file SPECTRA/7D.M08A/2012.063.spectra.pkl found - loading

************************************************************
* Calculating noise spectra for key 7D.M08A and day 2012.064
*   -> file SPECTRA/7D.M08A/2012.064.spectra.pkl found - loading

************************************************************
* Calculating noise spectra for key 7D.M08A and day 2012.065
*   -> file SPECTRA/7D.M08A/2012.065.spectra.pkl found - loading

************************************************************
* Calculating noise spectra for key 7D.M08A and day 2012.066
*   -> file SPECTRA/7D.M08A/2012.066.spectra.pkl found - loading

************************************************************
* Calculating noise spectra for key 7D.M08A and day 2012.067
*   -> file SPECTRA/7D.M08A/2012.067.spectra.pkl found - loading

************************************************************
* Calculating noise spectra for key 7D.M08A and day 2012.068
*   -> file SPECTRA/7D.M08A/2012.068.spectra.pkl found - loading

************************************************************
* Calculating noise spectra for key 7D.M08A and day 2012.069
*   -> file SPECTRA/7D.M08A/2012.069.spectra.pkl found - loading
