
Path to SPECTRA/7D.M01A doesn`t exist - creating it

|===============================================|
|===============================================|
|                       M01A                    |
|===============================================|
|===============================================|
|  Station: 7D.M01A                             |
|      Channel: BH; Locations: --               |
|      Lon: -126.72; Lat:  49.15                |
|      Start time: 2011-10-18 00:00:00          |
|      End time:   2012-07-16 23:59:59          |
|-----------------------------------------------|

************************************************************
* Calculating noise spectra for key 7D.M01A and day 2012.061
*   15 good windows. Proceeding...

************************************************************
* Calculating noise spectra for key 7D.M01A and day 2012.062
*   10 good windows. Proceeding...

************************************************************
* Calculating noise spectra for key 7D.M01A and day 2012.063
*   16 good windows. Proceeding...

************************************************************
* Calculating noise spectra for key 7D.M01A and day 2012.064
*   14 good windows. Proceeding...

************************************************************
* Calculating noise spectra for key 7D.M01A and day 2012.065
*   16 good windows. Proceeding...

************************************************************
* Calculating noise spectra for key 7D.M01A and day 2012.066
*   16 good windows. Proceeding...

************************************************************
* Calculating noise spectra for key 7D.M01A and day 2012.067
*   16 good windows. Proceeding...

************************************************************
* Calculating noise spectra for key 7D.M01A and day 2012.068
*   16 good windows. Proceeding...

************************************************************
* Calculating noise spectra for key 7D.M01A and day 2012.069
*   14 good windows. Proceeding...

Path to SPECTRA/7D.M02A doesn`t exist - creating it

|===============================================|
|===============================================|
|                       M02A                    |
|===============================================|
|===============================================|
|  Station: 7D.M02A                             |
|      Channel: BH; Locations: --               |
|      Lon: -125.60; Lat:  48.31                |
|      Start time: 2011-10-18 00:00:00          |
|      End time:   2012-07-16 23:59:59          |
|-----------------------------------------------|

************************************************************
* Calculating noise spectra for key 7D.M02A and day 2012.061
*   16 good windows. Proceeding...

************************************************************
* Calculating noise spectra for key 7D.M02A and day 2012.062
*   10 good windows. Proceeding...

************************************************************
* Calculating noise spectra for key 7D.M02A and day 2012.063
*   16 good windows. Proceeding...

************************************************************
* Calculating noise spectra for key 7D.M02A and day 2012.064
*   14 good windows. Proceeding...

************************************************************
* Calculating noise spectra for key 7D.M02A and day 2012.065
*   16 good windows. Proceeding...

************************************************************
* Calculating noise spectra for key 7D.M02A and day 2012.066
*   16 good windows. Proceeding...

************************************************************
* Calculating noise spectra for key 7D.M02A and day 2012.067
*   16 good windows. Proceeding...

************************************************************
* Calculating noise spectra for key 7D.M02A and day 2012.068
*   16 good windows. Proceeding...

************************************************************
* Calculating noise spectra for key 7D.M02A and day 2012.069
*   14 good windows. Proceeding...

Path to SPECTRA/7D.M07A doesn`t exist - creating it

|===============================================|
|===============================================|
|                       M07A                    |
|===============================================|
|===============================================|
|  Station: 7D.M07A                             |
|      Channel: BH; Locations: --               |
|      Lon: -125.12; Lat:  44.90                |
|      Start time: 2011-10-15 00:00:00          |
|      End time:   2012-07-15 23:59:59          |
|-----------------------------------------------|

************************************************************
* Calculating noise spectra for key 7D.M07A and day 2012.061
*   15 good windows. Proceeding...

************************************************************
* Calculating noise spectra for key 7D.M07A and day 2012.062
*   16 good windows. Proceeding...

************************************************************
* Calculating noise spectra for key 7D.M07A and day 2012.063
*   14 good windows. Proceeding...

************************************************************
* Calculating noise spectra for key 7D.M07A and day 2012.064
*   16 good windows. Proceeding...

************************************************************
* Calculating noise spectra for key 7D.M07A and day 2012.065
*   16 good windows. Proceeding...

************************************************************
* Calculating noise spectra for key 7D.M07A and day 2012.066
*   16 good windows. Proceeding...

************************************************************
* Calculating noise spectra for key 7D.M07A and day 2012.067
*   15 good windows. Proceeding...

************************************************************
* Calculating noise spectra for key 7D.M07A and day 2012.068
*   16 good windows. Proceeding...

************************************************************
* Calculating noise spectra for key 7D.M07A and day 2012.069
*   15 good windows. Proceeding...

Path to SPECTRA/7D.M08A doesn`t exist - creating it

|===============================================|
|===============================================|
|                       M08A                    |
|===============================================|
|===============================================|
|  Station: 7D.M08A                             |
|      Channel: BH; Locations: --               |
|      Lon: -124.90; Lat:  44.12                |
|      Start time: 2011-10-20 00:00:00          |
|      End time:   2012-07-18 23:59:59          |
|-----------------------------------------------|

************************************************************
* Calculating noise spectra for key 7D.M08A and day 2012.061
*   12 good windows. Proceeding...

************************************************************
* Calculating noise spectra for key 7D.M08A and day 2012.062
*   14 good windows. Proceeding...

************************************************************
* Calculating noise spectra for key 7D.M08A and day 2012.063
*   16 good windows. Proceeding...

************************************************************
* Calculating noise spectra for key 7D.M08A and day 2012.064
*   14 good windows. Proceeding...

************************************************************
* Calculating noise spectra for key 7D.M08A and day 2012.065
*   16 good windows. Proceeding...

************************************************************
* Calculating noise spectra for key 7D.M08A and day 2012.066
*   16 good windows. Proceeding...

************************************************************
* Calculating noise spectra for key 7D.M08A and day 2012.067
*   16 good windows. Proceeding...

************************************************************
* Calculating noise spectra for key 7D.M08A and day 2012.068
*   16 good windows. Proceeding...

************************************************************
* Calculating noise spectra for key 7D.M08A and day 2012.069
*   16 good windows. Proceeding...
